2025-10-14T19:31:41.119+05:30  INFO 7604 --- [main] com.example.demo.DemoApplication         : Starting DemoApplication using Java 21.0.8 with PID 7604 (D:\Downloads\demo\demo\target\classes started by vedan in D:\Downloads\demo)
2025-10-14T19:31:41.122+05:30  INFO 7604 --- [main] com.example.demo.DemoApplication         : No active profile set, falling back to 1 default profile: "default"
2025-10-14T19:31:42.450+05:30  INFO 7604 --- [main] .s.d.r.c.RepositoryConfigurationDelegate : Bootstrapping Spring Data JPA repositories in DEFAULT mode.
2025-10-14T19:31:42.546+05:30  INFO 7604 --- [main] .s.d.r.c.RepositoryConfigurationDelegate : Finished Spring Data repository scanning in 81 ms. Found 2 JPA repository interfaces.
2025-10-14T19:31:43.381+05:30  INFO 7604 --- [main] o.s.b.w.embedded.tomcat.TomcatWebServer  : Tomcat initialized with port 8080 (http)
2025-10-14T19:31:43.403+05:30  INFO 7604 --- [main] o.apache.catalina.core.StandardService   : Starting service [Tomcat]
2025-10-14T19:31:43.404+05:30  INFO 7604 --- [main] o.apache.catalina.core.StandardEngine    : Starting Servlet engine: [Apache Tomcat/10.1.46]
2025-10-14T19:31:43.511+05:30  INFO 7604 --- [main] o.a.c.c.C.[Tomcat].[localhost].[/]       : Initializing Spring embedded WebApplicationContext
2025-10-14T19:31:43.512+05:30  INFO 7604 --- [main] w.s.c.ServletWebServerApplicationContext : Root WebApplicationContext: initialization completed in 2317 ms
2025-10-14T19:31:43.741+05:30  INFO 7604 --- [main] o.hibernate.jpa.internal.util.LogHelper  : HHH000204: Processing PersistenceUnitInfo [name: default]
2025-10-14T19:31:43.897+05:30  INFO 7604 --- [main] org.hibernate.Version                    : HHH000412: Hibernate ORM core version 6.6.29.Final
2025-10-14T19:31:43.966+05:30  INFO 7604 --- [main] o.h.c.internal.RegionFactoryInitiator    : HHH000026: Second-level cache disabled
2025-10-14T19:31:44.438+05:30  INFO 7604 --- [main] o.s.o.j.p.SpringPersistenceUnitInfo      : No LoadTimeWeaver setup: ignoring JPA class transformer
2025-10-14T19:31:44.494+05:30  INFO 7604 --- [main] com.zaxxer.hikari.HikariDataSource       : HikariPool-1 - Starting...
2025-10-14T19:31:44.794+05:30  INFO 7604 --- [main] com.zaxxer.hikari.pool.HikariPool        : HikariPool-1 - Added connection com.mysql.cj.jdbc.ConnectionImpl@2a16d4dc
2025-10-14T19:31:44.797+05:30  INFO 7604 --- [main] com.zaxxer.hikari.HikariDataSource       : HikariPool-1 - Start completed.
2025-10-14T19:31:44.892+05:30  WARN 7604 --- [main] org.hibernate.orm.deprecation            : HHH90000025: MySQLDialect does not need to be specified explicitly using 'hibernate.dialect' (remove the property setting and it will be selected by default)
2025-10-14T19:31:44.925+05:30  INFO 7604 --- [main] org.hibernate.orm.connections.pooling    : HHH10001005: Database info:
	Database JDBC URL [Connecting through datasource 'HikariDataSource (HikariPool-1)']
	Database driver: undefined/unknown
	Database version: 8.0.43
	Autocommit mode: undefined/unknown
	Isolation level: undefined/unknown
	Minimum pool size: undefined/unknown
	Maximum pool size: undefined/unknown
2025-10-14T19:31:46.392+05:30  INFO 7604 --- [main] o.h.e.t.j.p.i.JtaPlatformInitiator       : HHH000489: No JTA platform available (set 'hibernate.transaction.jta.platform' to enable JTA platform integration)
2025-10-14T19:31:46.515+05:30  INFO 7604 --- [main] j.LocalContainerEntityManagerFactoryBean : Initialized JPA EntityManagerFactory for persistence unit 'default'
2025-10-14T19:31:47.130+05:30  INFO 7604 --- [main] r$InitializeUserDetailsManagerConfigurer : Global AuthenticationManager configured with UserDetailsService bean with name customUserDetailsService
2025-10-14T19:31:47.324+05:30  WARN 7604 --- [main] JpaBaseConfiguration$JpaWebConfiguration : spring.jpa.open-in-view is enabled by default. Therefore, database queries may be performed during view rendering. Explicitly configure spring.jpa.open-in-view to disable this warning
2025-10-14T19:31:48.237+05:30  INFO 7604 --- [main] o.s.b.w.embedded.tomcat.TomcatWebServer  : Tomcat started on port 8080 (http) with context path '/'
2025-10-14T19:31:48.251+05:30  INFO 7604 --- [main] com.example.demo.DemoApplication         : Started DemoApplication in 7.924 seconds (process running for 9.031)
2025-10-14T19:31:53.528+05:30  INFO 7604 --- [http-nio-8080-exec-1] o.a.c.c.C.[Tomcat].[localhost].[/]       : Initializing Spring DispatcherServlet 'dispatcherServlet'
2025-10-14T19:31:53.529+05:30  INFO 7604 --- [http-nio-8080-exec-1] o.s.web.servlet.DispatcherServlet        : Initializing Servlet 'dispatcherServlet'
2025-10-14T19:31:53.530+05:30  INFO 7604 --- [http-nio-8080-exec-1] o.s.web.servlet.DispatcherServlet        : Completed initialization in 1 ms
2025-10-14T19:31:54.518+05:30  INFO 7604 --- [http-nio-8080-exec-10] o.springdoc.api.AbstractOpenApiResource  : Init duration for springdoc-openapi is: 490 ms
2025-10-14T19:32:40.551+05:30  WARN 7604 --- [http-nio-8080-exec-5] .w.s.m.s.DefaultHandlerExceptionResolver : Resolved [org.springframework.web.bind.MethodArgumentNotValidException: Validation failed for argument [0] in public org.springframework.http.ResponseEntity<?> com.example.demo.controller.AuthController.registerUser(com.example.demo.dto.SignUpRequest) with 3 errors: [Field error in object 'signUpRequest' on field 'email': rejected value [null]; codes [NotBlank.signUpRequest.email,NotBlank.email,NotBlank.java.lang.String,NotBlank]; arguments [org.springframework.context.support.DefaultMessageSourceResolvable: codes [signUpRequest.email,email]; arguments []; default message [email]]; default message [must not be blank]] [Field error in object 'signUpRequest' on field 'name': rejected value [null]; codes [NotBlank.signUpRequest.name,NotBlank.name,NotBlank.java.lang.String,NotBlank]; arguments [org.springframework.context.support.DefaultMessageSourceResolvable: codes [signUpRequest.name,name]; arguments []; default message [name]]; default message [must not be blank]] [Field error in object 'signUpRequest' on field 'password': rejected value [null]; codes [NotBlank.signUpRequest.password,NotBlank.password,NotBlank.java.lang.String,NotBlank]; arguments [org.springframework.context.support.DefaultMessageSourceResolvable: codes [signUpRequest.password,password]; arguments []; default message [password]]; default message [must not be blank]] ]
2025-10-14T19:32:42.566+05:30  WARN 7604 --- [http-nio-8080-exec-3] .w.s.m.s.DefaultHandlerExceptionResolver : Resolved [org.springframework.web.bind.MethodArgumentNotValidException: Validation failed for argument [0] in public org.springframework.http.ResponseEntity<?> com.example.demo.controller.AuthController.registerUser(com.example.demo.dto.SignUpRequest) with 3 errors: [Field error in object 'signUpRequest' on field 'password': rejected value [null]; codes [NotBlank.signUpRequest.password,NotBlank.password,NotBlank.java.lang.String,NotBlank]; arguments [org.springframework.context.support.DefaultMessageSourceResolvable: codes [signUpRequest.password,password]; arguments []; default message [password]]; default message [must not be blank]] [Field error in object 'signUpRequest' on field 'email': rejected value [null]; codes [NotBlank.signUpRequest.email,NotBlank.email,NotBlank.java.lang.String,NotBlank]; arguments [org.springframework.context.support.DefaultMessageSourceResolvable: codes [signUpRequest.email,email]; arguments []; default message [email]]; default message [must not be blank]] [Field error in object 'signUpRequest' on field 'name': rejected value [null]; codes [NotBlank.signUpRequest.name,NotBlank.name,NotBlank.java.lang.String,NotBlank]; arguments [org.springframework.context.support.DefaultMessageSourceResolvable: codes [signUpRequest.name,name]; arguments []; default message [name]]; default message [must not be blank]] ]
2025-10-14T19:38:17.877+05:30  INFO 7604 --- [SpringApplicationShutdownHook] o.s.b.w.e.tomcat.GracefulShutdown        : Commencing graceful shutdown. Waiting for active requests to complete
2025-10-14T19:38:17.892+05:30  INFO 7604 --- [tomcat-shutdown] o.s.b.w.e.tomcat.GracefulShutdown        : Graceful shutdown complete
2025-10-14T19:38:17.905+05:30  INFO 7604 --- [SpringApplicationShutdownHook] j.LocalContainerEntityManagerFactoryBean : Closing JPA EntityManagerFactory for persistence unit 'default'
2025-10-14T19:38:17.909+05:30  INFO 7604 --- [SpringApplicationShutdownHook] com.zaxxer.hikari.HikariDataSource       : HikariPool-1 - Shutdown initiated...
2025-10-14T19:38:17.924+05:30  INFO 7604 --- [SpringApplicationShutdownHook] com.zaxxer.hikari.HikariDataSource       : HikariPool-1 - Shutdown completed.
2025-10-14T19:39:56.904+05:30  INFO 13984 --- [main] com.example.demo.DemoApplication         : Starting DemoApplication using Java 21.0.8 with PID 13984 (D:\Downloads\demo\demo\target\classes started by vedan in D:\Downloads\demo)
2025-10-14T19:39:56.908+05:30  INFO 13984 --- [main] com.example.demo.DemoApplication         : No active profile set, falling back to 1 default profile: "default"
2025-10-14T19:39:58.416+05:30  INFO 13984 --- [main] .s.d.r.c.RepositoryConfigurationDelegate : Bootstrapping Spring Data JPA repositories in DEFAULT mode.
2025-10-14T19:39:58.521+05:30  INFO 13984 --- [main] .s.d.r.c.RepositoryConfigurationDelegate : Finished Spring Data repository scanning in 89 ms. Found 2 JPA repository interfaces.
2025-10-14T19:39:59.473+05:30  INFO 13984 --- [main] o.s.b.w.embedded.tomcat.TomcatWebServer  : Tomcat initialized with port 8080 (http)
2025-10-14T19:39:59.499+05:30  INFO 13984 --- [main] o.apache.catalina.core.StandardService   : Starting service [Tomcat]
2025-10-14T19:39:59.499+05:30  INFO 13984 --- [main] o.apache.catalina.core.StandardEngine    : Starting Servlet engine: [Apache Tomcat/10.1.46]
2025-10-14T19:39:59.609+05:30  INFO 13984 --- [main] o.a.c.c.C.[Tomcat].[localhost].[/]       : Initializing Spring embedded WebApplicationContext
2025-10-14T19:39:59.611+05:30  INFO 13984 --- [main] w.s.c.ServletWebServerApplicationContext : Root WebApplicationContext: initialization completed in 2618 ms
2025-10-14T19:39:59.830+05:30  INFO 13984 --- [main] o.hibernate.jpa.internal.util.LogHelper  : HHH000204: Processing PersistenceUnitInfo [name: default]
2025-10-14T19:39:59.968+05:30  INFO 13984 --- [main] org.hibernate.Version                    : HHH000412: Hibernate ORM core version 6.6.29.Final
2025-10-14T19:40:00.037+05:30  INFO 13984 --- [main] o.h.c.internal.RegionFactoryInitiator    : HHH000026: Second-level cache disabled
2025-10-14T19:40:00.572+05:30  INFO 13984 --- [main] o.s.o.j.p.SpringPersistenceUnitInfo      : No LoadTimeWeaver setup: ignoring JPA class transformer
2025-10-14T19:40:00.631+05:30  INFO 13984 --- [main] com.zaxxer.hikari.HikariDataSource       : HikariPool-1 - Starting...
2025-10-14T19:40:00.951+05:30  INFO 13984 --- [main] com.zaxxer.hikari.pool.HikariPool        : HikariPool-1 - Added connection com.mysql.cj.jdbc.ConnectionImpl@49e62b17
2025-10-14T19:40:00.955+05:30  INFO 13984 --- [main] com.zaxxer.hikari.HikariDataSource       : HikariPool-1 - Start completed.
2025-10-14T19:40:01.058+05:30  WARN 13984 --- [main] org.hibernate.orm.deprecation            : HHH90000025: MySQLDialect does not need to be specified explicitly using 'hibernate.dialect' (remove the property setting and it will be selected by default)
2025-10-14T19:40:01.089+05:30  INFO 13984 --- [main] org.hibernate.orm.connections.pooling    : HHH10001005: Database info:
	Database JDBC URL [Connecting through datasource 'HikariDataSource (HikariPool-1)']
	Database driver: undefined/unknown
	Database version: 8.0.43
	Autocommit mode: undefined/unknown
	Isolation level: undefined/unknown
	Minimum pool size: undefined/unknown
	Maximum pool size: undefined/unknown
2025-10-14T19:40:02.628+05:30  INFO 13984 --- [main] o.h.e.t.j.p.i.JtaPlatformInitiator       : HHH000489: No JTA platform available (set 'hibernate.transaction.jta.platform' to enable JTA platform integration)
2025-10-14T19:40:02.820+05:30  INFO 13984 --- [main] j.LocalContainerEntityManagerFactoryBean : Initialized JPA EntityManagerFactory for persistence unit 'default'
2025-10-14T19:40:03.449+05:30  INFO 13984 --- [main] r$InitializeUserDetailsManagerConfigurer : Global AuthenticationManager configured with UserDetailsService bean with name customUserDetailsService
2025-10-14T19:40:03.674+05:30  WARN 13984 --- [main] JpaBaseConfiguration$JpaWebConfiguration : spring.jpa.open-in-view is enabled by default. Therefore, database queries may be performed during view rendering. Explicitly configure spring.jpa.open-in-view to disable this warning
2025-10-14T19:40:04.668+05:30  INFO 13984 --- [main] o.s.b.w.embedded.tomcat.TomcatWebServer  : Tomcat started on port 8080 (http) with context path '/'
2025-10-14T19:40:04.683+05:30  INFO 13984 --- [main] com.example.demo.DemoApplication         : Started DemoApplication in 8.684 seconds (process running for 10.178)
2025-10-14T19:40:09.728+05:30  INFO 13984 --- [http-nio-8080-exec-1] o.a.c.c.C.[Tomcat].[localhost].[/]       : Initializing Spring DispatcherServlet 'dispatcherServlet'
2025-10-14T19:40:09.728+05:30  INFO 13984 --- [http-nio-8080-exec-1] o.s.web.servlet.DispatcherServlet        : Initializing Servlet 'dispatcherServlet'
2025-10-14T19:40:09.731+05:30  INFO 13984 --- [http-nio-8080-exec-1] o.s.web.servlet.DispatcherServlet        : Completed initialization in 2 ms
2025-10-14T19:40:10.844+05:30  INFO 13984 --- [http-nio-8080-exec-9] o.springdoc.api.AbstractOpenApiResource  : Init duration for springdoc-openapi is: 516 ms
2025-10-14T19:42:24.290+05:30  INFO 13984 --- [SpringApplicationShutdownHook] o.s.b.w.e.tomcat.GracefulShutdown        : Commencing graceful shutdown. Waiting for active requests to complete
2025-10-14T19:42:24.303+05:30  INFO 13984 --- [tomcat-shutdown] o.s.b.w.e.tomcat.GracefulShutdown        : Graceful shutdown complete
2025-10-14T19:42:24.315+05:30  INFO 13984 --- [SpringApplicationShutdownHook] j.LocalContainerEntityManagerFactoryBean : Closing JPA EntityManagerFactory for persistence unit 'default'
2025-10-14T19:42:24.320+05:30  INFO 13984 --- [SpringApplicationShutdownHook] com.zaxxer.hikari.HikariDataSource       : HikariPool-1 - Shutdown initiated...
2025-10-14T19:42:24.335+05:30  INFO 13984 --- [SpringApplicationShutdownHook] com.zaxxer.hikari.HikariDataSource       : HikariPool-1 - Shutdown completed.
